2024-07-11 12:03:33 SamplePaths INFO:	__init__:25	Creating instance for H1N1.fastq
2024-07-11 12:03:33 SamplePaths INFO:	__init__:25	Creating instance for HxN1.fastq
2024-07-11 12:03:33 SamplePaths INFO:	__init__:25	Creating instance for H1N1_DIP.fastq
2024-07-11 12:03:33 SamplePaths INFO:	__init__:25	Creating instance for H9N2.fastq
2024-07-11 12:03:33 FluQC INFO:	run_preprocessing:25	Starting analysis for 4 samples in datasets/higq/small/
2024-07-11 12:03:33 Wrappers INFO:	minimap2:54	Running minimap for read classification
2024-07-11 12:03:33 Wrappers INFO:	samtools_cov:120	Running samtools coverage
2024-07-11 12:03:34 Wrappers DEBUG:	samtools_cov:152	Wrote samtools coverage results to /home/sander/fluQC/tmpout/wd/H1N1/H1N1_cov.tsv
2024-07-11 12:03:34 Wrappers INFO:	samtools_depth:156	Running samtools depth
2024-07-11 12:03:34 Wrappers DEBUG:	samtools_depth:184	Wrote samtools depth results to /home/sander/fluQC/tmpout/wd/H1N1/H1N1_depth.tsv
2024-07-11 12:03:34 Wrappers DEBUG:	assign_reads:255	Computing harmonic means
2024-07-11 12:03:34 Wrappers DEBUG:	assign_reads:257	Counting reads per segment
2024-07-11 12:03:35 Wrappers INFO:	assign_reads:265	Counting reads for H1N1 took: 1.1027114391326904 seconds
2024-07-11 12:03:35 Wrappers DEBUG:	assign_reads:271	A_PA:	726
2024-07-11 12:03:35 Wrappers DEBUG:	assign_reads:271	A_NP:	694
2024-07-11 12:03:35 Wrappers DEBUG:	assign_reads:271	A_PB2:	691
2024-07-11 12:03:35 Wrappers DEBUG:	assign_reads:271	A_PB1:	690
2024-07-11 12:03:35 Wrappers DEBUG:	assign_reads:271	A_NA_N1:	678
2024-07-11 12:03:35 Wrappers DEBUG:	assign_reads:271	A_NS:	649
2024-07-11 12:03:35 Wrappers DEBUG:	assign_reads:271	A_MP:	635
2024-07-11 12:03:35 Wrappers DEBUG:	assign_reads:271	A_HA_H1:	605
2024-07-11 12:03:35 Wrappers DEBUG:	assign_reads:280	Discarding segments with readcounts less than 40
2024-07-11 12:03:35 Wrappers INFO:	assign_reads:290	H1N1 is unmixed
